NAMESPACE       POD_NAME                                                  AGE            (minutes)
---------       --------                                                  -------------  
ceph-rbd        cray-ceph-csi-rbd-provisioner-6974c7d78b-bfllq            58             
cert-manager    cray-certmanager-cert-manager-webhook-57dbbff888-dlpfq    58             
kube-system     kube-etcdbackup-28856800-vb6xm                            8              
kyverno         kyverno-cleanup-admission-reports-28856800-bkz76          8              
kyverno         kyverno-cleanup-cluster-admission-reports-28856800-qhxr7  8              
metallb-system  metallb-controller-564f6966f-p4sp4                        58             
nexus           nexus-84f59cbb6-ndmcw                                     58             
operators       strimzi-cluster-operator-569c45b5d-5nfx6                  58             
services        cfs-hwsync-agent-b4b6657d5-w76b2                          58             
services        cray-bos-operator-actual-state-cleanup-576b95fdc6-hxfqr   58             
services        cray-bss-bitnami-etcd-snapshotter-28856760-mt4vn          48             
services        cray-cfs-operator-854847c8c-2bqlb                         58             
services        cray-console-operator-79b4c7dd4b-pvnc7                    58             
services        cray-cps-5684977999-6hbh2                                 58             
services        cray-dhcp-kea-helper-28856799-s2hjf                       9              
services        cray-dhcp-kea-helper-28856802-sxrrj                       6              
services        cray-dhcp-kea-helper-28856805-c8tb8                       3              
services        cray-dhcp-kea-helper-28856808-2rg4f                       0              
services        cray-dns-unbound-79b56d4645-5qvfj                         58             
services        cray-dns-unbound-manager-28856802-8k87z                   6              
services        cray-dns-unbound-manager-28856804-xphnp                   4              
services        cray-dns-unbound-manager-28856806-h4r6c                   2              
