=== NCN Master nodes: ncn-m001 ncn-m002 ncn-m003 ===
=== NCN Worker nodes: ncn-w001 ncn-w002 ncn-w003 ncn-w004 ncn-w005 ===
=== NCN Storage nodes: ncn-s001 ncn-s002 ncn-s003 ===

             +++++ NCN Health Checks +++++
=== Can be executed on any worker or master ncn node. ===
=== Executing on ncn-m001, Wed Nov 13 14:03:58 UTC 2024 ===
=== Active CSM version:


**************************************************************************

=== Check Kubernetes' Master and Worker Node Status. ===
=== Verify Kubernetes' Node "Ready" Status and Version. ===
Wed Nov 13 14:03:58 UTC 2024
NAME       STATUS     ROLES           AGE   VERSION    INTERNAL-IP   EXTERNAL-IP   OS-IMAGE                              KERNEL-VERSION               CONTAINER-RUNTIME
ncn-m001   Ready      control-plane   19d   v1.24.17   10.252.1.12   <none>        SUSE Linux Enterprise Server 15 SP6   6.4.0-150600.23.17-default   containerd://1.7.21
ncn-m002   Ready      control-plane   10d   v1.24.17   10.252.1.11   <none>        SUSE Linux Enterprise Server 15 SP6   6.4.0-150600.23.17-default   containerd://1.7.21
ncn-m003   Ready      control-plane   10d   v1.24.17   10.252.1.10   <none>        SUSE Linux Enterprise Server 15 SP6   6.4.0-150600.23.17-default   containerd://1.7.21
ncn-w001   Ready      <none>          10d   v1.24.17   10.252.1.9    <none>        SUSE Linux Enterprise Server 15 SP6   6.4.0-150600.23.17-default   containerd://1.7.21
ncn-w002   Ready      <none>          10d   v1.24.17   10.252.1.8    <none>        SUSE Linux Enterprise Server 15 SP6   6.4.0-150600.23.17-default   containerd://1.7.21
ncn-w003   Ready      <none>          10d   v1.24.17   10.252.1.7    <none>        SUSE Linux Enterprise Server 15 SP6   6.4.0-150600.23.17-default   containerd://1.7.21
ncn-w004   Ready      <none>          10d   v1.24.17   10.252.1.13   <none>        SUSE Linux Enterprise Server 15 SP6   6.4.0-150600.23.17-default   containerd://1.7.21
ncn-w005   NotReady   <none>          10d   v1.24.17   10.252.1.14   <none>        SUSE Linux Enterprise Server 15 SP6   6.4.0-150600.23.17-default   containerd://1.7.21
 --- FAILED --- not all nodes are "Ready" 

**************************************************************************

=== Check Ceph Health Status. ===
=== Verify "health: HEALTH_OK" Status. ===
=== At times a status of HEALTH_WARN, too few PGs per OSD, and/or large   omap objects, may be okay. ===
=== date; ssh ncn-m001 ceph -s; ===
Wed Nov 13 14:03:58 UTC 2024
  cluster:
    id:     e1ce52a6-92aa-11ef-ae72-1402ecd97c88
    health: HEALTH_OK
 
  services:
    mon: 3 daemons, quorum ncn-s001,ncn-s002,ncn-s003 (age 10d)
    mgr: ncn-s001.lwgvin(active, since 10d), standbys: ncn-s003.tzpfbg, ncn-s002.rqjssn
    mds: 2/2 daemons up, 3 standby, 1 hot standby
    osd: 24 osds: 24 up (since 10d), 24 in (since 10d)
    rgw: 3 daemons active (3 hosts, 1 zones)
 
  data:
    volumes: 2/2 healthy
    pools:   15 pools, 881 pgs
    objects: 324.18k objects, 556 GiB
    usage:   1.4 TiB used, 41 TiB / 42 TiB avail
    pgs:     881 active+clean
 
  io:
    client:   85 KiB/s rd, 1.9 MiB/s wr, 80 op/s rd, 198 op/s wr
 
 --- PASSED --- 

**************************************************************************

=== Check the Health of the Etcd Clusters in all Namespaces. ===
=== Verify a "healthy" Report for Each Etcd Pod. ===
Wed Nov 13 14:04:01 UTC 2024
### cray-bss-bitnami-etcd-1 ###
127.0.0.1:2379 is healthy: successfully committed proposal: took = 4.519516ms
### cray-bss-bitnami-etcd-2 ###
127.0.0.1:2379 is healthy: successfully committed proposal: took = 3.811118ms
### cray-bss-bitnami-etcd-0 ###
127.0.0.1:2379 is healthy: successfully committed proposal: took = 4.561389ms
### cray-fas-bitnami-etcd-1 ###
127.0.0.1:2379 is healthy: successfully committed proposal: took = 4.383022ms
### cray-fas-bitnami-etcd-2 ###
127.0.0.1:2379 is healthy: successfully committed proposal: took = 4.747778ms
### cray-hbtd-bitnami-etcd-1 ###
127.0.0.1:2379 is healthy: successfully committed proposal: took = 4.168613ms
### cray-hbtd-bitnami-etcd-2 ###
127.0.0.1:2379 is healthy: successfully committed proposal: took = 5.021968ms
### cray-hmnfd-bitnami-etcd-1 ###
127.0.0.1:2379 is healthy: successfully committed proposal: took = 4.554301ms
### cray-hmnfd-bitnami-etcd-2 ###
127.0.0.1:2379 is healthy: successfully committed proposal: took = 3.875194ms
### cray-hmnfd-bitnami-etcd-0 ###
127.0.0.1:2379 is healthy: successfully committed proposal: took = 3.684708ms
### cray-power-control-bitnami-etcd-2 ###
127.0.0.1:2379 is healthy: successfully committed proposal: took = 4.636013ms
### cray-power-control-bitnami-etcd-0 ###
127.0.0.1:2379 is healthy: successfully committed proposal: took = 3.708317ms
### cray-power-control-bitnami-etcd-1 ###
127.0.0.1:2379 is healthy: successfully committed proposal: took = 4.023309ms
 --- PASSED --- 

**************************************************************************

=== Check the Number of Pods in Each Cluster. Verify they are Balanced. ===
=== Each cluster should contain at least three pods, but may contain more. ===
=== Ensure that no two pods in a given cluster exist on the same worker node. ===
Wed Nov 13 14:04:07 UTC 2024
cray-bss-bitnami-etcd-0                                           2/2     Running       0               6d3h    10.44.0.21    ncn-w003   <none>           <none>
cray-bss-bitnami-etcd-1                                           2/2     Running       0               7d7h    10.34.0.23    ncn-w002   <none>           <none>
cray-bss-bitnami-etcd-2                                           2/2     Running       0               8d      10.36.0.20    ncn-w001   <none>           <none>

cray-fas-bitnami-etcd-0                                           2/2     Terminating   0               131m    10.46.0.30    ncn-w005   <none>           <none>
cray-fas-bitnami-etcd-1                                           2/2     Running       0               7d7h    10.34.0.21    ncn-w002   <none>           <none>
cray-fas-bitnami-etcd-2                                           2/2     Running       0               2d      10.41.0.26    ncn-w004   <none>           <none>

cray-hbtd-bitnami-etcd-0                                          2/2     Terminating   0               131m    10.46.0.11    ncn-w005   <none>           <none>
cray-hbtd-bitnami-etcd-1                                          2/2     Running       1 (7d7h ago)    7d7h    10.34.0.14    ncn-w002   <none>           <none>
cray-hbtd-bitnami-etcd-2                                          2/2     Running       1 (2d ago)      2d      10.41.0.17    ncn-w004   <none>           <none>

cray-hmnfd-bitnami-etcd-0                                         2/2     Running       0               6d3h    10.44.0.20    ncn-w003   <none>           <none>
cray-hmnfd-bitnami-etcd-1                                         2/2     Running       0               7d7h    10.34.0.15    ncn-w002   <none>           <none>
cray-hmnfd-bitnami-etcd-2                                         2/2     Running       0               2d      10.41.0.35    ncn-w004   <none>           <none>

cray-power-control-bitnami-etcd-0                                 2/2     Running       0               8d      10.36.0.24    ncn-w001   <none>           <none>
cray-power-control-bitnami-etcd-1                                 2/2     Running       0               2d      10.41.0.16    ncn-w004   <none>           <none>
cray-power-control-bitnami-etcd-2                                 2/2     Running       0               7d7h    10.34.0.19    ncn-w002   <none>           <none>

 --- PASSED --- 

**************************************************************************

=== Check if any "alarms" are set for any of the Etcd Clusters in all Namespaces. ===
=== An empty list is returned if no alarms are set ===
### cray-bss-bitnami-etcd-1 Alarms Set: ###
### cray-bss-bitnami-etcd-2 Alarms Set: ###
### cray-bss-bitnami-etcd-0 Alarms Set: ###
### cray-fas-bitnami-etcd-1 Alarms Set: ###
### cray-fas-bitnami-etcd-2 Alarms Set: ###
### cray-hbtd-bitnami-etcd-1 Alarms Set: ###
### cray-hbtd-bitnami-etcd-2 Alarms Set: ###
### cray-hmnfd-bitnami-etcd-1 Alarms Set: ###
### cray-hmnfd-bitnami-etcd-2 Alarms Set: ###
### cray-hmnfd-bitnami-etcd-0 Alarms Set: ###
### cray-power-control-bitnami-etcd-2 Alarms Set: ###
### cray-power-control-bitnami-etcd-0 Alarms Set: ###
### cray-power-control-bitnami-etcd-1 Alarms Set: ###
 --- PASSED --- 

**************************************************************************

=== Check the health of Etcd Cluster's database in the Services Namespace. ===
=== PASS or FAIL status returned. ===
### cray-bss-bitnami-etcd-1 Etcd Database Check: ###
PASS: OK foo fooCheck 1
### cray-bss-bitnami-etcd-2 Etcd Database Check: ###
PASS: OK foo fooCheck 1
### cray-bss-bitnami-etcd-0 Etcd Database Check: ###
PASS: OK foo fooCheck 1
### cray-fas-bitnami-etcd-1 Etcd Database Check: ###
PASS: OK foo fooCheck 1
### cray-fas-bitnami-etcd-2 Etcd Database Check: ###
PASS: OK foo fooCheck 1
### cray-hbtd-bitnami-etcd-1 Etcd Database Check: ###
PASS: OK foo fooCheck 1
### cray-hbtd-bitnami-etcd-2 Etcd Database Check: ###
PASS: OK foo fooCheck 1
### cray-hmnfd-bitnami-etcd-1 Etcd Database Check: ###
PASS: OK foo fooCheck 1
### cray-hmnfd-bitnami-etcd-2 Etcd Database Check: ###
PASS: OK foo fooCheck 1
### cray-hmnfd-bitnami-etcd-0 Etcd Database Check: ###
PASS: OK foo fooCheck 1
### cray-power-control-bitnami-etcd-2 Etcd Database Check: ###
PASS: OK foo fooCheck 1
### cray-power-control-bitnami-etcd-0 Etcd Database Check: ###
PASS: OK foo fooCheck 1
### cray-power-control-bitnami-etcd-1 Etcd Database Check: ###
PASS: OK foo fooCheck 1
 --- PASSED --- 

**************************************************************************

=== Verify etcd clusters have a backup in the last 24 hours. ===
=== The complete list of backups can be listed as follows:
=== % /opt/cray/platform-utils/etcd/etcd-util.sh list_backups -
Wed Nov 13 14:04:24 UTC 2024

-- cray-bss -- backups
PASS: backup found less than 24 hours old.

-- cray-fas -- backups
PASS: backup found less than 24 hours old.

-- cray-hbtd -- backups
PASS: backup found less than 24 hours old.

-- cray-hmnfd -- backups
PASS: backup found less than 24 hours old.

-- cray-power-control -- backups
PASS: backup found less than 24 hours old.
 --- PASSED --- 

**************************************************************************

=== NCN node uptimes ===
=== NCN Master nodes: ncn-m001 ncn-m002 ncn-m003 ===
=== NCN Worker nodes: ncn-w001 ncn-w002 ncn-w003 ncn-w004 ncn-w005 ===
=== NCN Storage nodes: ncn-s001 ncn-s002 ncn-s003 ===
=== date; for n in ncn-m001 ncn-m002 ncn-m003 ncn-w001 ncn-w002 ncn-w003 ncn-w004 ncn-w005 ncn-s001 ncn-s002 ncn-s003; do echo$n:; ssh $n uptime; done ===
Wed Nov 13 14:04:38 UTC 2024
ncn-m001:
 14:04:38  up 19 days  1:30,  9 users,  load average: 2.26, 1.57, 1.68
ncn-m002:
 14:04:39  up 6 days  8:10,  5 users,  load average: 1.08, 0.91, 0.81
ncn-m003:
 14:04:39  up 6 days 19:49,  1 user,  load average: 0.35, 0.65, 0.93
ncn-w001:
 14:04:42  up 8 days  7:08,  0 users,  load average: 4.85, 3.91, 4.55
ncn-w002:
 14:04:44  up 7 days  7:39,  0 users,  load average: 3.48, 5.32, 5.53
ncn-w003:
 14:04:47  up 6 days  3:43,  0 users,  load average: 8.60, 6.43, 6.65
ncn-w004:
 14:04:49  up 2 days  0:30,  0 users,  load average: 8.90, 8.65, 7.30
ncn-w005:
ncn-s001:
 14:04:52  up 10 days 22:20,  0 users,  load average: 0.39, 0.57, 0.63
ncn-s002:
 14:04:53  up 10 days 17:51,  1 user,  load average: 0.69, 0.58, 0.63
ncn-s003:
 14:04:53  up 10 days 17:19,  0 users,  load average: 0.40, 0.61, 0.54
 --- This is an informative check. No pass or fail status to report. --- 

**************************************************************************

=== NCN master and worker node resource consumption ===
=== NCN Master nodes: ncn-m001 ncn-m002 ncn-m003 ===
=== NCN Worker nodes: ncn-w001 ncn-w002 ncn-w003 ncn-w004 ncn-w005 ===
=== date; kubectl top nodes ===
Wed Nov 13 14:04:53 UTC 2024
NAME       CPU(cores)   CPU%        MEMORY(bytes)   MEMORY%     
ncn-m001   3062m        9%          9608Mi          7%          
ncn-m002   619m         1%          5128Mi          4%          
ncn-m003   951m         2%          6326Mi          4%          
ncn-w001   7174m        11%         29209Mi         11%         
ncn-w002   3561m        5%          24647Mi         9%          
ncn-w003   5129m        8%          22928Mi         8%          
ncn-w004   6241m        4%          29624Mi         11%         
ncn-w005   <unknown>    <unknown>   <unknown>       <unknown>   
 --- PASSED --- 

**************************************************************************

=== NCN node xnames and metal.no-wipe status ===
=== metal.no-wipe=1, expected setting - the client ===
=== already has the right partitions and a bootable ROM. ===
=== Note that before the PIT node has been rebooted into ncn-m001, ===
=== metal.no-wipe status may not available. ===
=== NCN Master nodes: ncn-m001 ncn-m002 ncn-m003 ===
=== NCN Worker nodes: ncn-w001 ncn-w002 ncn-w003 ncn-w004 ncn-w005 ===
=== NCN Storage nodes: ncn-s001 ncn-s002 ncn-s003 ===
Wed Nov 13 14:04:54 UTC 2024
ncn-m001: x3000c0s1b0n0 - metal.no-wipe=1
ncn-m002: x3000c0s2b0n0 - metal.no-wipe=1
ncn-m003: x3000c0s3b0n0 - metal.no-wipe=1
ncn-w001: x3000c0s4b0n0 - metal.no-wipe=1
ncn-w002: x3000c0s5b0n0 - metal.no-wipe=1
ncn-w003: x3000c0s6b0n0 - metal.no-wipe=1
ncn-w004: x3000c0s30b0n0 - metal.no-wipe=1
ncn-w005: Failed to obtain xname for ncn-w005
ncn-s001: x3000c0s7b0n0 - metal.no-wipe=1
ncn-s002: x3000c0s8b0n0 - metal.no-wipe=1
ncn-s003: x3000c0s9b0n0 - metal.no-wipe=1
 --- PASSED ---

**************************************************************************

=== Worker ncn node pod counts ===
=== NCN Worker nodes: ncn-w001 ncn-w002 ncn-w003 ncn-w004 ncn-w005  ===
=== date; kubectl get pods -A -o wide | grep -v Completed | grep ncn-XXX | wc -l ===
Wed Nov 13 14:05:10 UTC 2024
ncn-w001: 90
ncn-w002: 76
ncn-w003: 90
ncn-w004: 74
ncn-w005: 38
 --- This is an informative check. No pass or fail status to report. --- 

**************************************************************************

=== Pods yet to reach the running state: ===
=== kubectl get pods -A -o wide | grep -Ev " (Completed|Running|(cray-dns-unbound-manager|hms-discovery)-.* (Pending|Init:0/[1-9]|PodInitializing|NotReady|Terminating)) " ===
Wed Nov 13 14:05:14 UTC 2024
NAMESPACE            NAME                                                              READY   STATUS        RESTARTS        AGE     IP            NODE       NOMINATED NODE   READINESS GATES
services             cfs-ara-postgres-1                                                3/3     Terminating   0               133m    10.46.0.17    ncn-w005   <none>           <none>
services             cray-cfs-api-557fb98d57-v6sl4                                     2/2     Terminating   0               45m     10.46.0.18    ncn-w005   <none>           <none>
services             cray-dns-powerdns-postgres-2                                      3/3     Terminating   0               133m    10.46.0.24    ncn-w005   <none>           <none>
services             cray-fas-bitnami-etcd-0                                           2/2     Terminating   0               132m    10.46.0.30    ncn-w005   <none>           <none>
services             cray-hbtd-bitnami-etcd-0                                          2/2     Terminating   0               133m    10.46.0.11    ncn-w005   <none>           <none>
services             cray-keycloak-0                                                   2/2     Terminating   0               132m    10.46.0.26    ncn-w005   <none>           <none>
services             cray-shared-kafka-zookeeper-1                                     1/1     Terminating   0               133m    10.46.0.20    ncn-w005   <none>           <none>
services             cray-sls-postgres-2                                               2/3     Terminating   0               44m     10.46.0.8     ncn-w005   <none>           <none>
services             cray-smd-postgres-2                                               3/3     Terminating   0               132m    10.46.0.28    ncn-w005   <none>           <none>
services             gitea-vcs-postgres-2                                              3/3     Terminating   0               132m    10.46.0.25    ncn-w005   <none>           <none>
services             keycloak-postgres-0                                               3/3     Terminating   0               132m    10.46.0.27    ncn-w005   <none>           <none>
services             sonar-sync-28858403-9fzs4                                         0/1     Terminating   0               42m     <none>        ncn-w005   <none>           <none>
spire                cray-spire-postgres-2                                             3/3     Terminating   0               133m    10.46.0.15    ncn-w005   <none>           <none>
spire                cray-spire-server-0                                               2/2     Terminating   0               133m    10.46.0.19    ncn-w005   <none>           <none>
vault                cray-vault-0                                                      5/5     Terminating   2 (132m ago)    133m    10.46.0.14    ncn-w005   <none>           <none>
 --- WARNING --- not all pods are in a 'Running' or 'Completed' state.

**************************************************************************

NCN Health Check complete. Summary of failures and warnings is printed below.

 --- Failures and Warnings--- 
FAIL: not all nodes are "Ready".
WARNING: not all pods are in a 'Running' or 'Completed' state.

Two informative tests were run which checked 'NCN uptimes' and 'worker NCN node pod counts'. These results can be manually checked.

