NAMESPACE    POD_NAME                                                    AGE            (minutes)
---------    --------                                                    -------------  
kube-system  kube-etcdbackup-28858440-q4htt                              3              
kyverno      kyverno-cleanup-admission-reports-28858440-qmll2            3              
kyverno      kyverno-cleanup-cluster-admission-reports-28858440-nqcwl    3              
services     cray-bss-bitnami-etcd-snapshotter-28858440-t8p8l            3              
services     cray-cfs-api-557fb98d57-v6sl4                               43             
services     cray-dhcp-kea-helper-28858434-mszcf                         9              
services     cray-dhcp-kea-helper-28858437-777q2                         6              
services     cray-dhcp-kea-helper-28858440-jfnpc                         3              
services     cray-dhcp-kea-helper-28858443-ppwqs                         0              
services     cray-dns-unbound-manager-28858402-tkb6p                     41             
services     cray-dns-unbound-manager-28858438-2rbqn                     5              
services     cray-dns-unbound-manager-28858440-m7sgx                     3              
services     cray-dns-unbound-manager-28858442-gghfs                     1              
services     cray-fas-bitnami-etcd-snapshotter-28858440-tnxdd            3              
services     cray-hbtd-bitnami-etcd-snapshotter-28858440-69nlr           3              
services     cray-hmnfd-bitnami-etcd-snapshotter-28858440-m26bv          3              
services     cray-power-control-bitnami-etcd-snapshotter-28858440-lxqdh  3              
services     cray-sls-postgres-2                                         43             
services     hms-discovery-28858413-p8gsv                                30             
services     hms-discovery-28858416-f2z88                                27             
services     hms-discovery-28858419-wdt7r                                24             
services     hms-discovery-28858422-wxzj9                                21             
services     hms-discovery-28858425-5fz98                                18             
services     hms-discovery-28858428-q958z                                15             
services     hms-discovery-28858431-9hfrf                                12             
services     hms-discovery-28858434-k28dx                                9              
services     hms-discovery-28858437-jfg4l                                6              
services     hms-discovery-28858440-7qw67                                3              
services     hms-discovery-28858443-6bzw2                                0              
