argo            cray-nls-argo-workflows-server-564cd584d9-58fcg                  59
argo            cray-nls-argo-workflows-workflow-controller-6cdc74f748-w5drx     59
ceph-cephfs     cray-ceph-csi-cephfs-provisioner-788df75f76-gtx2l                59
cert-manager    cray-certmanager-cert-manager-7d8995464d-h2p79                   59
cert-manager    cray-certmanager-cert-manager-cainjector-6c7845f6dc-dhltq        59
cert-manager    cray-certmanager-cert-manager-webhook-57dbbff888-5qcl7           59
dvs             cray-activemq-artemis-operator-controller-manager-958999f8j4x62  59
istio-system    istio-ingressgateway-customer-admin-ffc69c5f-d9chv               59
kube-system     kube-etcdbackup-28846480-xzxcs                                   6
kyverno         kyverno-admission-controller-5fb8868644-hqr7r                    59
kyverno         kyverno-cleanup-admission-reports-28846480-jhrpm                 6
kyverno         kyverno-cleanup-cluster-admission-reports-28846480-drv2c         6
kyverno         kyverno-cleanup-controller-5569cb8948-bnpht                      59
nexus           nexus-84f59cbb6-pssnc                                            59
pki-operator    trustedcerts-operator-f546977cb-7sv6b                            59
services        cray-bss-79785c6d89-q66xz                                        59
services        cray-bss-bitnami-etcd-snapshotter-28846440-vpz88                 46
services        cray-cfs-api-db-ff7f66d5d-fq5qw                                  59
services        cray-dhcp-kea-helper-28846479-k8jj2                              7
services        cray-dhcp-kea-helper-28846482-pbnpp                              4
services        cray-dhcp-kea-helper-28846485-vbt97                              1
services        cray-dns-unbound-79b56d4645-5zpr6                                59
services        cray-dns-unbound-manager-28846480-hm2kx                          6
services        cray-dns-unbound-manager-28846482-bwrbr                          4
services        cray-dns-unbound-manager-28846484-9nqr9                          2
services        cray-dns-unbound-manager-28846486-4tq65                          0
services        cray-fas-77bb4c6b79-ptjdn                                        59
services        cray-fas-bitnami-etcd-snapshotter-28846440-sclxk                 46
services        cray-hbtd-bitnami-etcd-snapshotter-28846440-tgdc4                46
services        cray-hmnfd-747b78f958-k6hjk                                      59
services        cray-hmnfd-bitnami-etcd-snapshotter-28846440-4jzxc               46
services        cray-ipxe-aarch64-6d97578788-rgspz                               59
services        cray-ipxe-x86-64-59d949584d-wd4cv                                59
services        cray-power-control-6f9869d68-9dtgp                               59
services        cray-power-control-bitnami-etcd-snapshotter-28846440-nkhfx       46
services        cray-scsd-b744ccc54-d4z56                                        59
services        cray-smd-79dc846fcb-mh7ng                                        59
services        cray-smd-79dc846fcb-wsq2n                                        59
services        cray-sts-6b8bb75c68-vdc79                                        59
services        etcd-backup-pvc-snapshots-to-s3-28846445-bmbbq                   41
services        hms-discovery-28846455-sw6zl                                     31
services        hms-discovery-28846458-489db                                     28
services        hms-discovery-28846461-tzkrj                                     25
services        hms-discovery-28846464-nc24h                                     22
services        hms-discovery-28846467-pkz6v                                     19
services        hms-discovery-28846470-br778                                     16
services        hms-discovery-28846473-rcv69                                     13
services        hms-discovery-28846476-njtn7                                     10
services        hms-discovery-28846479-dxxqz                                     7
services        hms-discovery-28846482-62tnw                                     4
services        hms-discovery-28846485-fkrkh                                     1
services        nmdv2-service-86466bc7f8-vcfsn                                   59
services        sonar-sync-28846483-fzv8h                                        3
services        sonar-sync-28846484-8bqns                                        2
services        sonar-sync-28846485-jfcbb                                        1
services        sonar-sync-28846486-67qtr                                        0
services        sshot-fm-recover-28846458-c6sd8                                  28
services        sshot-fm-recover-28846461-tw74f                                  25
services        sshot-fm-recover-28846464-6j6hq                                  22
services        sshot-fm-recover-28846467-b5r7d                                  19
services        sshot-fm-recover-28846470-jtghl                                  16
services        sshot-fm-recover-28846473-s8rzq                                  13
services        sshot-fm-recover-28846476-f5xtr                                  10
services        sshot-fm-recover-28846479-ndjvv                                  7
services        sshot-fm-recover-28846482-tlgbk                                  4
services        sshot-fm-recover-28846485-hw6h2                                  1
spire           cray-spire-jwks-847fc745b8-7hfbr                                 59
spire           cray-spire-postgres-pooler-5997f6f6f5-svsl6                      59
sysmgmt-health  cray-sysmgmt-health-redfish-cron-28846440-m282b                  46
