=== NCN Master nodes: ncn-m001 ncn-m002 ncn-m003 ===
=== NCN Worker nodes: ncn-w001 ncn-w002 ncn-w003 ncn-w004 ncn-w005 ===
=== NCN Storage nodes: ncn-s001 ncn-s002 ncn-s003 ===

             +++++ NCN Health Checks +++++
=== Can be executed on any worker or master ncn node. ===
=== Executing on ncn-m001, Thu Nov  7 05:23:33 UTC 2024 ===
=== Active CSM version:


**************************************************************************

=== Check Kubernetes' Master and Worker Node Status. ===
=== Verify Kubernetes' Node "Ready" Status and Version. ===
Thu Nov  7 05:23:33 UTC 2024
NAME       STATUS     ROLES           AGE     VERSION    INTERNAL-IP   EXTERNAL-IP   OS-IMAGE                              KERNEL-VERSION               CONTAINER-RUNTIME
ncn-m001   Ready      control-plane   12d     v1.24.17   10.252.1.12   <none>        SUSE Linux Enterprise Server 15 SP6   6.4.0-150600.23.17-default   containerd://1.7.21
ncn-m002   NotReady   control-plane   4d7h    v1.24.17   10.252.1.11   <none>        SUSE Linux Enterprise Server 15 SP6   6.4.0-150600.23.17-default   containerd://1.7.21
ncn-m003   Ready      control-plane   4d7h    v1.24.17   10.252.1.10   <none>        SUSE Linux Enterprise Server 15 SP6   6.4.0-150600.23.17-default   containerd://1.7.21
ncn-w001   Ready      <none>          4d12h   v1.24.17   10.252.1.9    <none>        SUSE Linux Enterprise Server 15 SP6   6.4.0-150600.23.17-default   containerd://1.7.21
ncn-w002   Ready      <none>          4d12h   v1.24.17   10.252.1.8    <none>        SUSE Linux Enterprise Server 15 SP6   6.4.0-150600.23.17-default   containerd://1.7.21
ncn-w003   Ready      <none>          4d11h   v1.24.17   10.252.1.7    <none>        SUSE Linux Enterprise Server 15 SP6   6.4.0-150600.23.17-default   containerd://1.7.21
ncn-w004   Ready      <none>          4d11h   v1.24.17   10.252.1.13   <none>        SUSE Linux Enterprise Server 15 SP6   6.4.0-150600.23.17-default   containerd://1.7.21
ncn-w005   Ready      <none>          4d9h    v1.24.17   10.252.1.14   <none>        SUSE Linux Enterprise Server 15 SP6   6.4.0-150600.23.17-default   containerd://1.7.21
 --- FAILED --- not all nodes are "Ready" 

**************************************************************************

=== Check Ceph Health Status. ===
=== Verify "health: HEALTH_OK" Status. ===
=== At times a status of HEALTH_WARN, too few PGs per OSD, and/or large   omap objects, may be okay. ===
=== date; ssh ncn-m001 ceph -s; ===
Thu Nov  7 05:23:34 UTC 2024
  cluster:
    id:     e1ce52a6-92aa-11ef-ae72-1402ecd97c88
    health: HEALTH_OK
 
  services:
    mon: 3 daemons, quorum ncn-s001,ncn-s002,ncn-s003 (age 4d)
    mgr: ncn-s001.lwgvin(active, since 4d), standbys: ncn-s003.tzpfbg, ncn-s002.rqjssn
    mds: 2/2 daemons up, 3 standby, 1 hot standby
    osd: 24 osds: 24 up (since 4d), 24 in (since 4d)
    rgw: 3 daemons active (3 hosts, 1 zones)
 
  data:
    volumes: 2/2 healthy
    pools:   15 pools, 881 pgs
    objects: 362.46k objects, 693 GiB
    usage:   1.7 TiB used, 40 TiB / 42 TiB avail
    pgs:     881 active+clean
 
  io:
    client:   156 KiB/s rd, 2.8 MiB/s wr, 63 op/s rd, 271 op/s wr
 
 --- PASSED --- 

**************************************************************************

=== Check the Health of the Etcd Clusters in all Namespaces. ===
=== Verify a "healthy" Report for Each Etcd Pod. ===
Thu Nov  7 05:23:36 UTC 2024
### cray-bss-bitnami-etcd-1 ###
127.0.0.1:2379 is healthy: successfully committed proposal: took = 4.521568ms
### cray-bss-bitnami-etcd-2 ###
127.0.0.1:2379 is healthy: successfully committed proposal: took = 4.84197ms
### cray-bss-bitnami-etcd-0 ###
127.0.0.1:2379 is healthy: successfully committed proposal: took = 4.271691ms
### cray-fas-bitnami-etcd-1 ###
127.0.0.1:2379 is healthy: successfully committed proposal: took = 4.515055ms
### cray-fas-bitnami-etcd-2 ###
127.0.0.1:2379 is healthy: successfully committed proposal: took = 4.111123ms
### cray-fas-bitnami-etcd-0 ###
127.0.0.1:2379 is healthy: successfully committed proposal: took = 5.589113ms
### cray-hbtd-bitnami-etcd-1 ###
127.0.0.1:2379 is healthy: successfully committed proposal: took = 4.736036ms
### cray-hbtd-bitnami-etcd-2 ###
127.0.0.1:2379 is healthy: successfully committed proposal: took = 3.177074ms
### cray-hbtd-bitnami-etcd-0 ###
127.0.0.1:2379 is healthy: successfully committed proposal: took = 4.465441ms
### cray-hmnfd-bitnami-etcd-1 ###
127.0.0.1:2379 is healthy: successfully committed proposal: took = 4.314862ms
### cray-hmnfd-bitnami-etcd-2 ###
127.0.0.1:2379 is healthy: successfully committed proposal: took = 4.975703ms
### cray-hmnfd-bitnami-etcd-0 ###
127.0.0.1:2379 is healthy: successfully committed proposal: took = 4.334777ms
### cray-power-control-bitnami-etcd-2 ###
127.0.0.1:2379 is healthy: successfully committed proposal: took = 4.352523ms
### cray-power-control-bitnami-etcd-0 ###
127.0.0.1:2379 is healthy: successfully committed proposal: took = 4.037407ms
### cray-power-control-bitnami-etcd-1 ###
127.0.0.1:2379 is healthy: successfully committed proposal: took = 4.289796ms
 --- PASSED --- 

**************************************************************************

=== Check the Number of Pods in Each Cluster. Verify they are Balanced. ===
=== Each cluster should contain at least three pods, but may contain more. ===
=== Ensure that no two pods in a given cluster exist on the same worker node. ===
Thu Nov  7 05:23:44 UTC 2024
cray-bss-bitnami-etcd-0                                           2/2     Running     0               4d11h   10.44.0.44    ncn-w003   <none>           <none>
cray-bss-bitnami-etcd-1                                           2/2     Running     0               22h     10.34.0.23    ncn-w002   <none>           <none>
cray-bss-bitnami-etcd-2                                           2/2     Running     0               46h     10.36.0.20    ncn-w001   <none>           <none>

cray-fas-bitnami-etcd-0                                           2/2     Running     0               4d11h   10.44.0.39    ncn-w003   <none>           <none>
cray-fas-bitnami-etcd-1                                           2/2     Running     0               22h     10.34.0.21    ncn-w002   <none>           <none>
cray-fas-bitnami-etcd-2                                           2/2     Running     0               4d10h   10.41.0.32    ncn-w004   <none>           <none>

cray-hbtd-bitnami-etcd-0                                          2/2     Running     0               4d11h   10.44.0.42    ncn-w003   <none>           <none>
cray-hbtd-bitnami-etcd-1                                          2/2     Running     1 (22h ago)     22h     10.34.0.14    ncn-w002   <none>           <none>
cray-hbtd-bitnami-etcd-2                                          2/2     Running     0               4d10h   10.41.0.33    ncn-w004   <none>           <none>

cray-hmnfd-bitnami-etcd-0                                         2/2     Running     0               4d11h   10.44.0.45    ncn-w003   <none>           <none>
cray-hmnfd-bitnami-etcd-1                                         2/2     Running     0               22h     10.34.0.15    ncn-w002   <none>           <none>
cray-hmnfd-bitnami-etcd-2                                         2/2     Running     0               4d10h   10.41.0.31    ncn-w004   <none>           <none>

cray-power-control-bitnami-etcd-0                                 2/2     Running     0               46h     10.36.0.24    ncn-w001   <none>           <none>
cray-power-control-bitnami-etcd-1                                 2/2     Running     0               4d10h   10.41.0.34    ncn-w004   <none>           <none>
cray-power-control-bitnami-etcd-2                                 2/2     Running     0               22h     10.34.0.19    ncn-w002   <none>           <none>

 --- PASSED --- 

**************************************************************************

=== Check if any "alarms" are set for any of the Etcd Clusters in all Namespaces. ===
=== An empty list is returned if no alarms are set ===
### cray-bss-bitnami-etcd-1 Alarms Set: ###
### cray-bss-bitnami-etcd-2 Alarms Set: ###
### cray-bss-bitnami-etcd-0 Alarms Set: ###
### cray-fas-bitnami-etcd-1 Alarms Set: ###
### cray-fas-bitnami-etcd-2 Alarms Set: ###
### cray-fas-bitnami-etcd-0 Alarms Set: ###
### cray-hbtd-bitnami-etcd-1 Alarms Set: ###
### cray-hbtd-bitnami-etcd-2 Alarms Set: ###
### cray-hbtd-bitnami-etcd-0 Alarms Set: ###
### cray-hmnfd-bitnami-etcd-1 Alarms Set: ###
### cray-hmnfd-bitnami-etcd-2 Alarms Set: ###
### cray-hmnfd-bitnami-etcd-0 Alarms Set: ###
### cray-power-control-bitnami-etcd-2 Alarms Set: ###
### cray-power-control-bitnami-etcd-0 Alarms Set: ###
### cray-power-control-bitnami-etcd-1 Alarms Set: ###
 --- PASSED --- 

**************************************************************************

=== Check the health of Etcd Cluster's database in the Services Namespace. ===
=== PASS or FAIL status returned. ===
### cray-bss-bitnami-etcd-1 Etcd Database Check: ###
PASS: OK foo fooCheck 1
### cray-bss-bitnami-etcd-2 Etcd Database Check: ###
PASS: OK foo fooCheck 1
### cray-bss-bitnami-etcd-0 Etcd Database Check: ###
PASS: OK foo fooCheck 1
### cray-fas-bitnami-etcd-1 Etcd Database Check: ###
PASS: OK foo fooCheck 1
### cray-fas-bitnami-etcd-2 Etcd Database Check: ###
PASS: OK foo fooCheck 1
### cray-fas-bitnami-etcd-0 Etcd Database Check: ###
PASS: OK foo fooCheck 1
### cray-hbtd-bitnami-etcd-1 Etcd Database Check: ###
PASS: OK foo fooCheck 1
### cray-hbtd-bitnami-etcd-2 Etcd Database Check: ###
PASS: OK foo fooCheck 1
### cray-hbtd-bitnami-etcd-0 Etcd Database Check: ###
PASS: OK foo fooCheck 1
### cray-hmnfd-bitnami-etcd-1 Etcd Database Check: ###
PASS: OK foo fooCheck 1
### cray-hmnfd-bitnami-etcd-2 Etcd Database Check: ###
PASS: OK foo fooCheck 1
### cray-hmnfd-bitnami-etcd-0 Etcd Database Check: ###
PASS: OK foo fooCheck 1
### cray-power-control-bitnami-etcd-2 Etcd Database Check: ###
PASS: OK foo fooCheck 1
### cray-power-control-bitnami-etcd-0 Etcd Database Check: ###
PASS: OK foo fooCheck 1
### cray-power-control-bitnami-etcd-1 Etcd Database Check: ###
PASS: OK foo fooCheck 1
 --- PASSED --- 

**************************************************************************

=== Verify etcd clusters have a backup in the last 24 hours. ===
=== The complete list of backups can be listed as follows:
=== % /opt/cray/platform-utils/etcd/etcd-util.sh list_backups -
Thu Nov  7 05:24:02 UTC 2024

-- cray-bss -- backups
PASS: backup found less than 24 hours old.

-- cray-fas -- backups
PASS: backup found less than 24 hours old.

-- cray-hbtd -- backups
PASS: backup found less than 24 hours old.

-- cray-hmnfd -- backups
PASS: backup found less than 24 hours old.

-- cray-power-control -- backups
PASS: backup found less than 24 hours old.
 --- PASSED --- 

**************************************************************************

=== NCN node uptimes ===
=== NCN Master nodes: ncn-m001 ncn-m002 ncn-m003 ===
=== NCN Worker nodes: ncn-w001 ncn-w002 ncn-w003 ncn-w004 ncn-w005 ===
=== NCN Storage nodes: ncn-s001 ncn-s002 ncn-s003 ===
=== date; for n in ncn-m001 ncn-m002 ncn-m003 ncn-w001 ncn-w002 ncn-w003 ncn-w004 ncn-w005 ncn-s001 ncn-s002 ncn-s003; do echo$n:; ssh $n uptime; done ===
Thu Nov  7 05:24:15 UTC 2024
ncn-m001:
 05:24:16  up 12 days 16:50,  13 users,  load average: 2.07, 1.71, 1.59
ncn-m002:
ncn-m003:
 05:24:22  up  11:09,  0 users,  load average: 2.15, 1.52, 1.25
ncn-w001:
 05:24:25  up 1 day 22:28,  0 users,  load average: 6.99, 11.03, 8.64
ncn-w002:
 05:24:27  up  22:58,  0 users,  load average: 3.44, 3.49, 3.86
ncn-w003:
 05:24:30  up 4 days 11:45,  0 users,  load average: 9.14, 7.91, 6.17
ncn-w004:
 05:24:32  up 4 days 11:11,  0 users,  load average: 4.75, 8.50, 11.28
ncn-w005:
 05:24:33  up  16:38,  2 users,  load average: 4.97, 3.16, 2.88
ncn-s001:
 05:24:33  up 4 days 13:40,  0 users,  load average: 0.42, 0.63, 0.72
ncn-s002:
 05:24:33  up 4 days  9:10,  1 user,  load average: 0.89, 0.61, 0.58
ncn-s003:
 05:24:34  up 4 days  8:38,  0 users,  load average: 0.46, 0.68, 0.66
 --- This is an informative check. No pass or fail status to report. --- 

**************************************************************************

=== NCN master and worker node resource consumption ===
=== NCN Master nodes: ncn-m001 ncn-m002 ncn-m003 ===
=== NCN Worker nodes: ncn-w001 ncn-w002 ncn-w003 ncn-w004 ncn-w005 ===
=== date; kubectl top nodes ===
Thu Nov  7 05:24:34 UTC 2024
NAME       CPU(cores)   CPU%        MEMORY(bytes)   MEMORY%     
ncn-m001   2329m        7%          9619Mi          7%          
ncn-m003   1453m        4%          5056Mi          3%          
ncn-w001   4215m        6%          23262Mi         9%          
ncn-w002   4533m        7%          18615Mi         7%          
ncn-w003   4437m        6%          23586Mi         9%          
ncn-w004   7093m        5%          46688Mi         18%         
ncn-w005   5064m        7%          5487Mi          2%          
ncn-m002   <unknown>    <unknown>   <unknown>       <unknown>   
 --- PASSED --- 

**************************************************************************

=== NCN node xnames and metal.no-wipe status ===
=== metal.no-wipe=1, expected setting - the client ===
=== already has the right partitions and a bootable ROM. ===
=== Note that before the PIT node has been rebooted into ncn-m001, ===
=== metal.no-wipe status may not available. ===
=== NCN Master nodes: ncn-m001 ncn-m002 ncn-m003 ===
=== NCN Worker nodes: ncn-w001 ncn-w002 ncn-w003 ncn-w004 ncn-w005 ===
=== NCN Storage nodes: ncn-s001 ncn-s002 ncn-s003 ===
Thu Nov  7 05:24:35 UTC 2024
ncn-m001: x3000c0s1b0n0 - metal.no-wipe=1
ncn-m002: Failed to obtain xname for ncn-m002
ncn-m003: x3000c0s3b0n0 - metal.no-wipe=1
ncn-w001: x3000c0s4b0n0 - metal.no-wipe=1
ncn-w002: x3000c0s5b0n0 - metal.no-wipe=1
ncn-w003: x3000c0s6b0n0 - metal.no-wipe=1
ncn-w004: x3000c0s30b0n0 - metal.no-wipe=1
ncn-w005: x3000c0s31b0n0 - metal.no-wipe=1
ncn-s001: x3000c0s7b0n0 - metal.no-wipe=1
ncn-s002: x3000c0s8b0n0 - metal.no-wipe=1
ncn-s003: x3000c0s9b0n0 - metal.no-wipe=1
 --- PASSED ---

**************************************************************************

=== Worker ncn node pod counts ===
=== NCN Worker nodes: ncn-w001 ncn-w002 ncn-w003 ncn-w004 ncn-w005  ===
=== date; kubectl get pods -A -o wide | grep -v Completed | grep ncn-XXX | wc -l ===
Thu Nov  7 05:24:50 UTC 2024
ncn-w001: 83
ncn-w002: 60
ncn-w003: 83
ncn-w004: 115
ncn-w005: 25
 --- This is an informative check. No pass or fail status to report. --- 

**************************************************************************

=== Pods yet to reach the running state: ===
=== kubectl get pods -A -o wide | grep -Ev " (Completed|Running|(cray-dns-unbound-manager|hms-discovery)-.* (Pending|Init:0/[1-9]|PodInitializing|NotReady|Terminating)) " ===
Thu Nov  7 05:24:54 UTC 2024
NAMESPACE            NAME                                                              READY   STATUS        RESTARTS        AGE     IP            NODE       NOMINATED NODE   READINESS GATES
argo                 cray-nls-bfd94746b-9ptvp                                          2/2     Terminating   1 (4d7h ago)    4d7h    10.38.0.6     ncn-m002   <none>           <none>
argo                 cray-nls-bfd94746b-thj7v                                          2/2     Terminating   0               4d7h    10.38.0.7     ncn-m002   <none>           <none>
kube-system          coredns-59cc8dbcc8-qm446                                          1/1     Terminating   0               4d7h    10.38.0.8     ncn-m002   <none>           <none>
services             cray-dhcp-kea-helper-28849275-jpsnf                               0/2     Error         0               9m54s   10.46.0.17    ncn-w005   <none>           <none>
sysmgmt-health       cray-sysmgmt-health-grok-exporter-544fb59f84-9l6f7                1/1     Terminating   0               4d7h    10.38.0.2     ncn-m002   <none>           <none>
sysmgmt-health       cray-sysmgmt-health-grok-exporter-544fb59f84-xncnp                0/1     Pending       0               8m4s    <none>        <none>     <none>           <none>
 --- WARNING --- not all pods are in a 'Running' or 'Completed' state.

**************************************************************************

NCN Health Check complete. Summary of failures and warnings is printed below.

 --- Failures and Warnings--- 
FAIL: not all nodes are "Ready".
WARNING: not all pods are in a 'Running' or 'Completed' state.

Two informative tests were run which checked 'NCN uptimes' and 'worker NCN node pod counts'. These results can be manually checked.

