=== NCN Master nodes: ncn-m001 ncn-m002 ncn-m003 ===
=== NCN Worker nodes: ncn-w001 ncn-w002 ncn-w003 ncn-w004 ncn-w005 ===
=== NCN Storage nodes: ncn-s001 ncn-s002 ncn-s003 ===

             +++++ NCN Health Checks +++++
=== Can be executed on any worker or master ncn node. ===
=== Executing on ncn-m001, Thu Nov  7 10:30:31 UTC 2024 ===
=== Active CSM version:


**************************************************************************

=== Check Kubernetes' Master and Worker Node Status. ===
=== Verify Kubernetes' Node "Ready" Status and Version. ===
Thu Nov  7 10:30:31 UTC 2024
NAME       STATUS   ROLES           AGE     VERSION    INTERNAL-IP   EXTERNAL-IP   OS-IMAGE                              KERNEL-VERSION               CONTAINER-RUNTIME
ncn-m001   Ready    control-plane   12d     v1.24.17   10.252.1.12   <none>        SUSE Linux Enterprise Server 15 SP6   6.4.0-150600.23.17-default   containerd://1.7.21
ncn-m002   Ready    control-plane   4d12h   v1.24.17   10.252.1.11   <none>        SUSE Linux Enterprise Server 15 SP6   6.4.0-150600.23.17-default   containerd://1.7.21
ncn-m003   Ready    control-plane   4d12h   v1.24.17   10.252.1.10   <none>        SUSE Linux Enterprise Server 15 SP6   6.4.0-150600.23.17-default   containerd://1.7.21
ncn-w001   Ready    <none>          4d17h   v1.24.17   10.252.1.9    <none>        SUSE Linux Enterprise Server 15 SP6   6.4.0-150600.23.17-default   containerd://1.7.21
ncn-w002   Ready    <none>          4d17h   v1.24.17   10.252.1.8    <none>        SUSE Linux Enterprise Server 15 SP6   6.4.0-150600.23.17-default   containerd://1.7.21
ncn-w003   Ready    <none>          4d16h   v1.24.17   10.252.1.7    <none>        SUSE Linux Enterprise Server 15 SP6   6.4.0-150600.23.17-default   containerd://1.7.21
ncn-w004   Ready    <none>          4d16h   v1.24.17   10.252.1.13   <none>        SUSE Linux Enterprise Server 15 SP6   6.4.0-150600.23.17-default   containerd://1.7.21
ncn-w005   Ready    <none>          4d14h   v1.24.17   10.252.1.14   <none>        SUSE Linux Enterprise Server 15 SP6   6.4.0-150600.23.17-default   containerd://1.7.21
 --- PASSED --- 

**************************************************************************

=== Check Ceph Health Status. ===
=== Verify "health: HEALTH_OK" Status. ===
=== At times a status of HEALTH_WARN, too few PGs per OSD, and/or large   omap objects, may be okay. ===
=== date; ssh ncn-m001 ceph -s; ===
Thu Nov  7 10:30:31 UTC 2024
  cluster:
    id:     e1ce52a6-92aa-11ef-ae72-1402ecd97c88
    health: HEALTH_OK
 
  services:
    mon: 3 daemons, quorum ncn-s001,ncn-s002,ncn-s003 (age 4d)
    mgr: ncn-s001.lwgvin(active, since 4d), standbys: ncn-s003.tzpfbg, ncn-s002.rqjssn
    mds: 2/2 daemons up, 3 standby, 1 hot standby
    osd: 24 osds: 24 up (since 4d), 24 in (since 4d)
    rgw: 3 daemons active (3 hosts, 1 zones)
 
  data:
    volumes: 2/2 healthy
    pools:   15 pools, 881 pgs
    objects: 362.52k objects, 693 GiB
    usage:   1.6 TiB used, 40 TiB / 42 TiB avail
    pgs:     881 active+clean
 
  io:
    client:   113 KiB/s rd, 4.7 MiB/s wr, 79 op/s rd, 436 op/s wr
 
 --- PASSED --- 

**************************************************************************

=== Check the Health of the Etcd Clusters in all Namespaces. ===
=== Verify a "healthy" Report for Each Etcd Pod. ===
Thu Nov  7 10:30:34 UTC 2024
### cray-bss-bitnami-etcd-1 ###
127.0.0.1:2379 is healthy: successfully committed proposal: took = 4.175834ms
### cray-bss-bitnami-etcd-2 ###
127.0.0.1:2379 is healthy: successfully committed proposal: took = 3.826226ms
### cray-bss-bitnami-etcd-0 ###
127.0.0.1:2379 is healthy: successfully committed proposal: took = 4.515118ms
### cray-fas-bitnami-etcd-1 ###
127.0.0.1:2379 is healthy: successfully committed proposal: took = 3.860868ms
### cray-fas-bitnami-etcd-2 ###
127.0.0.1:2379 is healthy: successfully committed proposal: took = 4.586338ms
### cray-fas-bitnami-etcd-0 ###
127.0.0.1:2379 is healthy: successfully committed proposal: took = 4.954548ms
### cray-hbtd-bitnami-etcd-1 ###
127.0.0.1:2379 is healthy: successfully committed proposal: took = 4.557032ms
### cray-hbtd-bitnami-etcd-2 ###
127.0.0.1:2379 is healthy: successfully committed proposal: took = 3.221656ms
### cray-hbtd-bitnami-etcd-0 ###
127.0.0.1:2379 is healthy: successfully committed proposal: took = 4.767029ms
### cray-hmnfd-bitnami-etcd-1 ###
127.0.0.1:2379 is healthy: successfully committed proposal: took = 4.692764ms
### cray-hmnfd-bitnami-etcd-2 ###
127.0.0.1:2379 is healthy: successfully committed proposal: took = 3.530251ms
### cray-hmnfd-bitnami-etcd-0 ###
127.0.0.1:2379 is healthy: successfully committed proposal: took = 4.48442ms
### cray-power-control-bitnami-etcd-2 ###
127.0.0.1:2379 is healthy: successfully committed proposal: took = 4.171185ms
### cray-power-control-bitnami-etcd-0 ###
127.0.0.1:2379 is healthy: successfully committed proposal: took = 3.160671ms
### cray-power-control-bitnami-etcd-1 ###
127.0.0.1:2379 is healthy: successfully committed proposal: took = 5.285599ms
 --- PASSED --- 

**************************************************************************

=== Check the Number of Pods in Each Cluster. Verify they are Balanced. ===
=== Each cluster should contain at least three pods, but may contain more. ===
=== Ensure that no two pods in a given cluster exist on the same worker node. ===
Thu Nov  7 10:30:41 UTC 2024
cray-bss-bitnami-etcd-0                                           2/2     Running     0               6m23s   10.44.0.21    ncn-w003   <none>           <none>
cray-bss-bitnami-etcd-1                                           2/2     Running     0               28h     10.34.0.23    ncn-w002   <none>           <none>
cray-bss-bitnami-etcd-2                                           2/2     Running     0               2d3h    10.36.0.20    ncn-w001   <none>           <none>

cray-fas-bitnami-etcd-0                                           2/2     Running     0               7m21s   10.46.0.20    ncn-w005   <none>           <none>
cray-fas-bitnami-etcd-1                                           2/2     Running     0               28h     10.34.0.21    ncn-w002   <none>           <none>
cray-fas-bitnami-etcd-2                                           2/2     Running     0               4d15h   10.41.0.32    ncn-w004   <none>           <none>

cray-hbtd-bitnami-etcd-0                                          2/2     Running     0               7m15s   10.46.0.25    ncn-w005   <none>           <none>
cray-hbtd-bitnami-etcd-1                                          2/2     Running     1 (28h ago)     28h     10.34.0.14    ncn-w002   <none>           <none>
cray-hbtd-bitnami-etcd-2                                          2/2     Running     0               4d15h   10.41.0.33    ncn-w004   <none>           <none>

cray-hmnfd-bitnami-etcd-0                                         2/2     Running     0               6m42s   10.44.0.20    ncn-w003   <none>           <none>
cray-hmnfd-bitnami-etcd-1                                         2/2     Running     0               28h     10.34.0.15    ncn-w002   <none>           <none>
cray-hmnfd-bitnami-etcd-2                                         2/2     Running     0               4d15h   10.41.0.31    ncn-w004   <none>           <none>

cray-power-control-bitnami-etcd-0                                 2/2     Running     0               2d3h    10.36.0.24    ncn-w001   <none>           <none>
cray-power-control-bitnami-etcd-1                                 2/2     Running     0               4d15h   10.41.0.34    ncn-w004   <none>           <none>
cray-power-control-bitnami-etcd-2                                 2/2     Running     0               28h     10.34.0.19    ncn-w002   <none>           <none>

 --- PASSED --- 

**************************************************************************

=== Check if any "alarms" are set for any of the Etcd Clusters in all Namespaces. ===
=== An empty list is returned if no alarms are set ===
### cray-bss-bitnami-etcd-1 Alarms Set: ###
### cray-bss-bitnami-etcd-2 Alarms Set: ###
### cray-bss-bitnami-etcd-0 Alarms Set: ###
### cray-fas-bitnami-etcd-1 Alarms Set: ###
### cray-fas-bitnami-etcd-2 Alarms Set: ###
### cray-fas-bitnami-etcd-0 Alarms Set: ###
### cray-hbtd-bitnami-etcd-1 Alarms Set: ###
### cray-hbtd-bitnami-etcd-2 Alarms Set: ###
### cray-hbtd-bitnami-etcd-0 Alarms Set: ###
### cray-hmnfd-bitnami-etcd-1 Alarms Set: ###
### cray-hmnfd-bitnami-etcd-2 Alarms Set: ###
### cray-hmnfd-bitnami-etcd-0 Alarms Set: ###
### cray-power-control-bitnami-etcd-2 Alarms Set: ###
### cray-power-control-bitnami-etcd-0 Alarms Set: ###
### cray-power-control-bitnami-etcd-1 Alarms Set: ###
 --- PASSED --- 

**************************************************************************

=== Check the health of Etcd Cluster's database in the Services Namespace. ===
=== PASS or FAIL status returned. ===
### cray-bss-bitnami-etcd-1 Etcd Database Check: ###
PASS: OK foo fooCheck 1
### cray-bss-bitnami-etcd-2 Etcd Database Check: ###
PASS: OK foo fooCheck 1
### cray-bss-bitnami-etcd-0 Etcd Database Check: ###
PASS: OK foo fooCheck 1
### cray-fas-bitnami-etcd-1 Etcd Database Check: ###
PASS: OK foo fooCheck 1
### cray-fas-bitnami-etcd-2 Etcd Database Check: ###
PASS: OK foo fooCheck 1
### cray-fas-bitnami-etcd-0 Etcd Database Check: ###
PASS: OK foo fooCheck 1
### cray-hbtd-bitnami-etcd-1 Etcd Database Check: ###
PASS: OK foo fooCheck 1
### cray-hbtd-bitnami-etcd-2 Etcd Database Check: ###
PASS: OK foo fooCheck 1
### cray-hbtd-bitnami-etcd-0 Etcd Database Check: ###
PASS: OK foo fooCheck 1
### cray-hmnfd-bitnami-etcd-1 Etcd Database Check: ###
PASS: OK foo fooCheck 1
### cray-hmnfd-bitnami-etcd-2 Etcd Database Check: ###
PASS: OK foo fooCheck 1
### cray-hmnfd-bitnami-etcd-0 Etcd Database Check: ###
PASS: OK foo fooCheck 1
### cray-power-control-bitnami-etcd-2 Etcd Database Check: ###
PASS: OK foo fooCheck 1
### cray-power-control-bitnami-etcd-0 Etcd Database Check: ###
PASS: OK foo fooCheck 1
### cray-power-control-bitnami-etcd-1 Etcd Database Check: ###
PASS: OK foo fooCheck 1
 --- PASSED --- 

**************************************************************************

=== Verify etcd clusters have a backup in the last 24 hours. ===
=== The complete list of backups can be listed as follows:
=== % /opt/cray/platform-utils/etcd/etcd-util.sh list_backups -
Thu Nov  7 10:31:00 UTC 2024

-- cray-bss -- backups
PASS: backup found less than 24 hours old.

-- cray-fas -- backups
PASS: backup found less than 24 hours old.

-- cray-hbtd -- backups
PASS: backup found less than 24 hours old.

-- cray-hmnfd -- backups
PASS: backup found less than 24 hours old.

-- cray-power-control -- backups
PASS: backup found less than 24 hours old.
 --- PASSED --- 

**************************************************************************

=== NCN node uptimes ===
=== NCN Master nodes: ncn-m001 ncn-m002 ncn-m003 ===
=== NCN Worker nodes: ncn-w001 ncn-w002 ncn-w003 ncn-w004 ncn-w005 ===
=== NCN Storage nodes: ncn-s001 ncn-s002 ncn-s003 ===
=== date; for n in ncn-m001 ncn-m002 ncn-m003 ncn-w001 ncn-w002 ncn-w003 ncn-w004 ncn-w005 ncn-s001 ncn-s002 ncn-s003; do echo$n:; ssh $n uptime; done ===
Thu Nov  7 10:31:13 UTC 2024
ncn-m001:
 10:31:13  up 12 days 21:57,  16 users,  load average: 2.35, 2.55, 2.05
ncn-m002:
 10:31:15  up   4:37,  0 users,  load average: 0.82, 0.92, 0.88
ncn-m003:
 10:31:16  up  16:16,  0 users,  load average: 3.19, 2.60, 1.93
ncn-w001:
 10:31:19  up 2 days  3:35,  0 users,  load average: 6.90, 6.79, 6.47
ncn-w002:
 10:31:21  up 1 day  4:05,  0 users,  load average: 7.96, 6.63, 6.17
ncn-w003:
 10:31:23  up   0:10,  0 users,  load average: 4.79, 3.21, 1.75
ncn-w004:
 10:31:26  up 4 days 16:18,  0 users,  load average: 7.34, 17.51, 17.81
ncn-w005:
 10:31:27  up   0:11,  0 users,  load average: 0.91, 1.64, 1.24
ncn-s001:
 10:31:28  up 4 days 18:47,  0 users,  load average: 0.85, 0.69, 0.74
ncn-s002:
 10:31:28  up 4 days 14:17,  1 user,  load average: 0.39, 0.48, 0.51
ncn-s003:
 10:31:28  up 4 days 13:45,  0 users,  load average: 0.31, 0.52, 0.61
 --- This is an informative check. No pass or fail status to report. --- 

**************************************************************************

=== NCN master and worker node resource consumption ===
=== NCN Master nodes: ncn-m001 ncn-m002 ncn-m003 ===
=== NCN Worker nodes: ncn-w001 ncn-w002 ncn-w003 ncn-w004 ncn-w005 ===
=== date; kubectl top nodes ===
Thu Nov  7 10:31:28 UTC 2024
NAME       CPU(cores)   CPU%   MEMORY(bytes)   MEMORY%   
ncn-m001   1976m        6%     9531Mi          7%        
ncn-m002   469m         1%     4080Mi          3%        
ncn-m003   1280m        4%     5333Mi          4%        
ncn-w001   5799m        9%     24986Mi         9%        
ncn-w002   5136m        8%     20077Mi         7%        
ncn-w003   3475m        5%     5239Mi          2%        
ncn-w004   7547m        5%     49158Mi         19%       
ncn-w005   1287m        2%     7284Mi          2%        
 --- PASSED --- 

**************************************************************************

=== NCN node xnames and metal.no-wipe status ===
=== metal.no-wipe=1, expected setting - the client ===
=== already has the right partitions and a bootable ROM. ===
=== Note that before the PIT node has been rebooted into ncn-m001, ===
=== metal.no-wipe status may not available. ===
=== NCN Master nodes: ncn-m001 ncn-m002 ncn-m003 ===
=== NCN Worker nodes: ncn-w001 ncn-w002 ncn-w003 ncn-w004 ncn-w005 ===
=== NCN Storage nodes: ncn-s001 ncn-s002 ncn-s003 ===
Thu Nov  7 10:31:30 UTC 2024
ncn-m001: x3000c0s1b0n0 - metal.no-wipe=1
ncn-m002: x3000c0s2b0n0 - metal.no-wipe=1
ncn-m003: x3000c0s3b0n0 - metal.no-wipe=1
ncn-w001: x3000c0s4b0n0 - metal.no-wipe=1
ncn-w002: x3000c0s5b0n0 - metal.no-wipe=1
ncn-w003: x3000c0s6b0n0 - metal.no-wipe=1
ncn-w004: x3000c0s30b0n0 - metal.no-wipe=1
ncn-w005: x3000c0s31b0n0 - metal.no-wipe=1
ncn-s001: x3000c0s7b0n0 - metal.no-wipe=1
ncn-s002: x3000c0s8b0n0 - metal.no-wipe=1
ncn-s003: x3000c0s9b0n0 - metal.no-wipe=1
 --- PASSED ---

**************************************************************************

=== Worker ncn node pod counts ===
=== NCN Worker nodes: ncn-w001 ncn-w002 ncn-w003 ncn-w004 ncn-w005  ===
=== date; kubectl get pods -A -o wide | grep -v Completed | grep ncn-XXX | wc -l ===
Thu Nov  7 10:31:46 UTC 2024
ncn-w001: 91
ncn-w002: 76
ncn-w003: 27
ncn-w004: 135
ncn-w005: 35
 --- This is an informative check. No pass or fail status to report. --- 

**************************************************************************

=== Pods yet to reach the running state: ===
=== kubectl get pods -A -o wide | grep -Ev " (Completed|Running|(cray-dns-unbound-manager|hms-discovery)-.* (Pending|Init:0/[1-9]|PodInitializing|NotReady|Terminating)) " ===
Thu Nov  7 10:31:49 UTC 2024
NAMESPACE            NAME                                                              READY   STATUS      RESTARTS        AGE     IP            NODE       NOMINATED NODE   READINESS GATES
 --- PASSED ---

**************************************************************************

NCN Health Check complete. Summary of failures and warnings is printed below.

No failures or warnings to report. All checks passed.

Two informative tests were run which checked 'NCN uptimes' and 'worker NCN node pod counts'. These results can be manually checked.

