NAMESPACE           POD_NAME                                                         AGE            (minutes)
---------           --------                                                         -------------  
argo                cray-nls-argo-workflows-server-564cd584d9-2ptnm                  41             
argo                cray-nls-argo-workflows-workflow-controller-6cdc74f748-hmn5z     41             
ceph-cephfs         cray-ceph-csi-cephfs-provisioner-788df75f76-n2rp9                41             
ceph-rbd            cray-ceph-csi-rbd-provisioner-6974c7d78b-k26kf                   41             
cert-manager        cray-certmanager-cert-manager-7d8995464d-lgwkm                   41             
cert-manager        cray-certmanager-cert-manager-cainjector-6c7845f6dc-wl5xq        41             
cert-manager        cray-certmanager-cert-manager-webhook-57dbbff888-sf9zw           41             
dvs                 cray-activemq-artemis-operator-controller-manager-958999f8224qp  41             
hnc-system          hnc-controller-manager-56c97b978d-hlq8k                          41             
istio-operator      istio-operator-5695f4cd46-xp2mn                                  41             
istio-system        istio-ingressgateway-94df8f964-9xqzs                             41             
istio-system        istio-ingressgateway-customer-admin-ffc69c5f-lfp5g               41             
istio-system        istio-ingressgateway-customer-user-77fbcc86d7-k4jht              41             
istio-system        istio-ingressgateway-hmn-785b96ddb8-44wf8                        41             
istio-system        istiod-6bb7bc7fb9-vvcxf                                          41             
istio-system        kiali-7cf8968ff4-6r2kz                                           41             
kube-system         kube-etcdbackup-28855490-d8tfv                                   4              
kube-system         metrics-server-545fcf988f-mmgv4                                  41             
kube-system         sealed-secrets-685b8dc459-sv8d2                                  41             
kyverno             kyverno-admission-controller-5fb8868644-7gjhd                    41             
kyverno             kyverno-background-controller-5bb9c4566d-dj56f                   42             
kyverno             kyverno-cleanup-admission-reports-28855490-55c7w                 4              
kyverno             kyverno-cleanup-cluster-admission-reports-28855490-wt767         4              
kyverno             kyverno-reports-controller-599f875b5b-mn96j                      41             
metallb-system      metallb-controller-564f6966f-qtvq7                               41             
nexus               nexus-84f59cbb6-shwx4                                            41             
operators           cray-kiali-kiali-operator-66645594fc-vc9w9                       42             
operators           strimzi-cluster-operator-569c45b5d-dgsvv                         41             
pki-operator        trustedcerts-operator-f546977cb-2wzb2                            41             
services            cfs-hwsync-agent-b4b6657d5-q6rk7                                 41             
services            cfs-trust-68fc9fcdb4-8dc6r                                       41             
services            cray-bos-75bb8ddbf9-v64zg                                        41             
services            cray-bos-db-788bcbc84c-xmsm6                                     41             
services            cray-bos-operator-actual-state-cleanup-576b95fdc6-nklvj          41             
services            cray-bos-operator-configuration-7856b8fc78-798mb                 41             
services            cray-bos-operator-discovery-59ff8c8554-b8jhc                     41             
services            cray-bos-operator-power-off-forceful-7d75d64556-rq8hf            41             
services            cray-bos-operator-power-off-graceful-756657cbfb-wv6pq            41             
services            cray-bss-79785c6d89-dvtgl                                        41             
services            cray-bss-bitnami-etcd-snapshotter-28855440-2j22d                 54             
services            cray-capmc-6c5d69f685-wrtsk                                      41             
services            cray-cfs-batcher-6c66f6887-nkgff                                 41             
services            cray-cfs-operator-854847c8c-fg94d                                41             
services            cray-console-data-bbff78774-2hr6d                                41             
services            cray-console-operator-79b4c7dd4b-6h72v                           41             
services            cray-cps-5684977999-vq5jb                                        41             
services            cray-dhcp-kea-56c5bb5789-zwzzj                                   41             
services            cray-dhcp-kea-helper-28855485-cpjln                              9              
services            cray-dhcp-kea-helper-28855488-64979                              6              
services            cray-dhcp-kea-helper-28855491-r82m7                              3              
services            cray-dns-powerdns-645654c6f6-27g57                               41             
services            cray-dns-unbound-79b56d4645-hrxmz                                41             
services            cray-dns-unbound-manager-28855488-tfcjh                          6              
services            cray-dns-unbound-manager-28855490-ct44t                          4              
services            cray-dns-unbound-manager-28855492-5q4vj                          2              
services            cray-externaldns-external-dns-688c68fb58-xqpk9                   41             
services            cray-fas-bitnami-etcd-snapshotter-28855440-74wwj                 54             
services            cray-hbtd-55fb95cc7b-zdf64                                       41             
services            cray-hbtd-bitnami-etcd-snapshotter-28855440-7wqtk                54             
services            cray-hmnfd-747b78f958-v9jwm                                      41             
services            cray-hmnfd-bitnami-etcd-snapshotter-28855440-qbnnj               54             
services            cray-hms-hmcollector-ingress-7c5bb55c74-xwlw9                    41             
services            cray-hms-hmcollector-poll-66cc59bcd-zdqvz                        41             
services            cray-hms-rts-5488d9b94-26257                                     41             
services            cray-hms-rts-snmp-d9cb7fdc-hkbmj                                 41             
services            cray-ims-d7466c6f9-gdvm6                                         41             
services            cray-ipxe-x86-64-59d949584d-qv89t                                41             
services            cray-meds-85d8955fb5-mnb4l                                       41             
services            cray-oauth2-proxies-customer-access-ingress-7fc49cffcf-86h2n     41             
services            cray-postgres-operator-596b6cfb9c-bttsv                          42             
services            cray-power-control-6f9869d68-8d4x8                               41             
services            cray-power-control-bitnami-etcd-snapshotter-28855440-5qpzl       54             
services            cray-scsd-b744ccc54-8ztcf                                        41             
services            cray-shared-kafka-entity-operator-779945b686-s8qk7               41             
services            cray-sls-9d467b6d6-gnpp8                                         41             
services            cray-smd-79dc846fcb-l7928                                        41             
services            cray-sts-6b8bb75c68-nhqwv                                        41             
services            cray-tftp-5d546777c9-q6g9c                                       41             
services            cray-vpa-recommender-86867b7bf6-2fqg9                            41             
services            csm-ssh-keys-7ccc4f5494-64fgv                                    41             
services            etcd-backup-pvc-snapshots-to-s3-28855445-n45hc                   49             
services            etcd-backup-restore-75bb5c4694-h5tc8                             41             
services            gitea-vcs-856dfb98cf-tx2t9                                       41             
services            hms-discovery-28855464-pjr84                                     30             
services            hms-discovery-28855467-hnp88                                     27             
services            hms-discovery-28855470-7gdmc                                     24             
services            hms-discovery-28855473-2cz2c                                     21             
services            hms-discovery-28855476-kftm7                                     18             
services            hms-discovery-28855479-vjccf                                     15             
services            hms-discovery-28855482-z9g4s                                     12             
services            hms-discovery-28855485-qxwz7                                     9              
services            hms-discovery-28855488-qr492                                     6              
services            hms-discovery-28855491-g2zl4                                     3              
services            kube-etcd-defrag-cray-hbtd-bitnami-etcd-28855440-n54gp           54             
services            nmdv2-service-86466bc7f8-cnrlr                                   41             
services            slingshot-fabric-manager-6b74fdb5c7-pgg8d                        41             
services            sonar-sync-28855491-9km76                                        3              
services            sonar-sync-28855492-5ngm8                                        2              
services            sonar-sync-28855493-h56wp                                        1              
services            sshot-fm-recover-28855464-gdhjd                                  30             
services            sshot-fm-recover-28855467-hzmf6                                  27             
services            sshot-fm-recover-28855470-qc8hl                                  24             
services            sshot-fm-recover-28855473-xk6tk                                  21             
services            sshot-fm-recover-28855476-j2dbs                                  18             
services            sshot-fm-recover-28855479-xwc5n                                  15             
services            sshot-fm-recover-28855482-hsxrb                                  12             
services            sshot-fm-recover-28855485-kv78n                                  9              
services            sshot-fm-recover-28855488-6lpvt                                  6              
services            sshot-fm-recover-28855491-46zq5                                  3              
spire               cray-spire-jwks-847fc745b8-vk6nn                                 41             
spire               cray-spire-postgres-pooler-5997f6f6f5-dmwl8                      41             
spire               spire-jwks-6fbb5864db-kzbx9                                      41             
spire               spire-postgres-pooler-6c97d87dd5-t4r5s                           41             
sshot-net-operator  sshot-net-operator-cf49677c5-l5vgz                               41             
sysmgmt-health      cray-sysmgmt-health-canu-test-5fc8b5d66c-krrlg                   41             
sysmgmt-health      cray-sysmgmt-health-grafana-7476fd6654-2vbl6                     41             
sysmgmt-health      cray-sysmgmt-health-kube-state-metrics-754c86467f-j2s6w          41             
sysmgmt-health      cray-sysmgmt-health-logstash-exporter-85bc88574b-vtdfz           42             
sysmgmt-health      cray-sysmgmt-health-prometheus-snmp-exporter-5cb4c85bb8-76zqf    41             
sysmgmt-health      cray-sysmgmt-health-redfish-cron-28855440-bntd8                  54             
sysmgmt-health      vmagent-vms-0-5877fbd5c4-v75rl                                   41             
sysmgmt-health      vmagent-vms-1-8c8799964-6kxbz                                    41             
sysmgmt-health      vmalert-vms-5fdd8f54dd-z5td2                                     41             
sysmgmt-health      vminsert-vms-cd9d4f894-6q949                                     41             
vault               cray-vault-configurer-7b6f84b7df-m6zzh                           41             
velero              cray-velero-78bb7fbcfd-l6kch                                     41             
