=== NCN Master nodes: ncn-m001 ncn-m002 ncn-m003 ===
=== NCN Worker nodes: ncn-w001 ncn-w002 ncn-w003 ncn-w004 ncn-w005 ===
=== NCN Storage nodes: ncn-s001 ncn-s002 ncn-s003 ===

             +++++ NCN Health Checks +++++
=== Can be executed on any worker or master ncn node. ===
=== Executing on ncn-m001, Wed Nov 13 13:17:45 UTC 2024 ===
=== Active CSM version:


**************************************************************************

=== Check Kubernetes' Master and Worker Node Status. ===
=== Verify Kubernetes' Node "Ready" Status and Version. ===
Wed Nov 13 13:17:45 UTC 2024
NAME       STATUS   ROLES           AGE   VERSION    INTERNAL-IP   EXTERNAL-IP   OS-IMAGE                              KERNEL-VERSION               CONTAINER-RUNTIME
ncn-m001   Ready    control-plane   19d   v1.24.17   10.252.1.12   <none>        SUSE Linux Enterprise Server 15 SP6   6.4.0-150600.23.17-default   containerd://1.7.21
ncn-m002   Ready    control-plane   10d   v1.24.17   10.252.1.11   <none>        SUSE Linux Enterprise Server 15 SP6   6.4.0-150600.23.17-default   containerd://1.7.21
ncn-m003   Ready    control-plane   10d   v1.24.17   10.252.1.10   <none>        SUSE Linux Enterprise Server 15 SP6   6.4.0-150600.23.17-default   containerd://1.7.21
ncn-w001   Ready    <none>          10d   v1.24.17   10.252.1.9    <none>        SUSE Linux Enterprise Server 15 SP6   6.4.0-150600.23.17-default   containerd://1.7.21
ncn-w002   Ready    <none>          10d   v1.24.17   10.252.1.8    <none>        SUSE Linux Enterprise Server 15 SP6   6.4.0-150600.23.17-default   containerd://1.7.21
ncn-w003   Ready    <none>          10d   v1.24.17   10.252.1.7    <none>        SUSE Linux Enterprise Server 15 SP6   6.4.0-150600.23.17-default   containerd://1.7.21
ncn-w004   Ready    <none>          10d   v1.24.17   10.252.1.13   <none>        SUSE Linux Enterprise Server 15 SP6   6.4.0-150600.23.17-default   containerd://1.7.21
ncn-w005   Ready    <none>          10d   v1.24.17   10.252.1.14   <none>        SUSE Linux Enterprise Server 15 SP6   6.4.0-150600.23.17-default   containerd://1.7.21
 --- PASSED --- 

**************************************************************************

=== Check Ceph Health Status. ===
=== Verify "health: HEALTH_OK" Status. ===
=== At times a status of HEALTH_WARN, too few PGs per OSD, and/or large   omap objects, may be okay. ===
=== date; ssh ncn-m001 ceph -s; ===
Wed Nov 13 13:17:45 UTC 2024
  cluster:
    id:     e1ce52a6-92aa-11ef-ae72-1402ecd97c88
    health: HEALTH_OK
 
  services:
    mon: 3 daemons, quorum ncn-s001,ncn-s002,ncn-s003 (age 10d)
    mgr: ncn-s001.lwgvin(active, since 10d), standbys: ncn-s003.tzpfbg, ncn-s002.rqjssn
    mds: 2/2 daemons up, 3 standby, 1 hot standby
    osd: 24 osds: 24 up (since 10d), 24 in (since 10d)
    rgw: 3 daemons active (3 hosts, 1 zones)
 
  data:
    volumes: 2/2 healthy
    pools:   15 pools, 881 pgs
    objects: 324.18k objects, 556 GiB
    usage:   1.4 TiB used, 41 TiB / 42 TiB avail
    pgs:     881 active+clean
 
  io:
    client:   89 KiB/s rd, 3.8 MiB/s wr, 67 op/s rd, 268 op/s wr
 
 --- PASSED --- 

**************************************************************************

=== Check the Health of the Etcd Clusters in all Namespaces. ===
=== Verify a "healthy" Report for Each Etcd Pod. ===
Wed Nov 13 13:17:48 UTC 2024
### cray-bss-bitnami-etcd-1 ###
127.0.0.1:2379 is healthy: successfully committed proposal: took = 3.930638ms
### cray-bss-bitnami-etcd-2 ###
127.0.0.1:2379 is healthy: successfully committed proposal: took = 3.897097ms
### cray-bss-bitnami-etcd-0 ###
127.0.0.1:2379 is healthy: successfully committed proposal: took = 5.049658ms
### cray-fas-bitnami-etcd-1 ###
127.0.0.1:2379 is healthy: successfully committed proposal: took = 3.675945ms
### cray-fas-bitnami-etcd-2 ###
127.0.0.1:2379 is healthy: successfully committed proposal: took = 4.369793ms
### cray-fas-bitnami-etcd-0 ###
127.0.0.1:2379 is healthy: successfully committed proposal: took = 4.956754ms
### cray-hbtd-bitnami-etcd-1 ###
127.0.0.1:2379 is healthy: successfully committed proposal: took = 3.614821ms
### cray-hbtd-bitnami-etcd-2 ###
127.0.0.1:2379 is healthy: successfully committed proposal: took = 5.656198ms
### cray-hbtd-bitnami-etcd-0 ###
127.0.0.1:2379 is healthy: successfully committed proposal: took = 4.831252ms
### cray-hmnfd-bitnami-etcd-1 ###
127.0.0.1:2379 is healthy: successfully committed proposal: took = 5.767012ms
### cray-hmnfd-bitnami-etcd-2 ###
127.0.0.1:2379 is healthy: successfully committed proposal: took = 4.085274ms
### cray-hmnfd-bitnami-etcd-0 ###
127.0.0.1:2379 is healthy: successfully committed proposal: took = 3.259316ms
### cray-power-control-bitnami-etcd-2 ###
127.0.0.1:2379 is healthy: successfully committed proposal: took = 4.691994ms
### cray-power-control-bitnami-etcd-0 ###
127.0.0.1:2379 is healthy: successfully committed proposal: took = 3.46696ms
### cray-power-control-bitnami-etcd-1 ###
127.0.0.1:2379 is healthy: successfully committed proposal: took = 5.887678ms
 --- PASSED --- 

**************************************************************************

=== Check the Number of Pods in Each Cluster. Verify they are Balanced. ===
=== Each cluster should contain at least three pods, but may contain more. ===
=== Ensure that no two pods in a given cluster exist on the same worker node. ===
Wed Nov 13 13:17:55 UTC 2024
cray-bss-bitnami-etcd-0                                           2/2     Running     0               6d2h    10.44.0.21    ncn-w003   <none>           <none>
cray-bss-bitnami-etcd-1                                           2/2     Running     0               7d6h    10.34.0.23    ncn-w002   <none>           <none>
cray-bss-bitnami-etcd-2                                           2/2     Running     0               8d      10.36.0.20    ncn-w001   <none>           <none>

cray-fas-bitnami-etcd-0                                           2/2     Running     0               85m     10.46.0.30    ncn-w005   <none>           <none>
cray-fas-bitnami-etcd-1                                           2/2     Running     0               7d6h    10.34.0.21    ncn-w002   <none>           <none>
cray-fas-bitnami-etcd-2                                           2/2     Running     0               47h     10.41.0.26    ncn-w004   <none>           <none>

cray-hbtd-bitnami-etcd-0                                          2/2     Running     0               85m     10.46.0.11    ncn-w005   <none>           <none>
cray-hbtd-bitnami-etcd-1                                          2/2     Running     1 (7d6h ago)    7d6h    10.34.0.14    ncn-w002   <none>           <none>
cray-hbtd-bitnami-etcd-2                                          2/2     Running     1 (47h ago)     47h     10.41.0.17    ncn-w004   <none>           <none>

cray-hmnfd-bitnami-etcd-0                                         2/2     Running     0               6d2h    10.44.0.20    ncn-w003   <none>           <none>
cray-hmnfd-bitnami-etcd-1                                         2/2     Running     0               7d6h    10.34.0.15    ncn-w002   <none>           <none>
cray-hmnfd-bitnami-etcd-2                                         2/2     Running     0               47h     10.41.0.35    ncn-w004   <none>           <none>

cray-power-control-bitnami-etcd-0                                 2/2     Running     0               8d      10.36.0.24    ncn-w001   <none>           <none>
cray-power-control-bitnami-etcd-1                                 2/2     Running     0               47h     10.41.0.16    ncn-w004   <none>           <none>
cray-power-control-bitnami-etcd-2                                 2/2     Running     0               7d6h    10.34.0.19    ncn-w002   <none>           <none>

 --- PASSED --- 

**************************************************************************

=== Check if any "alarms" are set for any of the Etcd Clusters in all Namespaces. ===
=== An empty list is returned if no alarms are set ===
### cray-bss-bitnami-etcd-1 Alarms Set: ###
### cray-bss-bitnami-etcd-2 Alarms Set: ###
### cray-bss-bitnami-etcd-0 Alarms Set: ###
### cray-fas-bitnami-etcd-1 Alarms Set: ###
### cray-fas-bitnami-etcd-2 Alarms Set: ###
### cray-fas-bitnami-etcd-0 Alarms Set: ###
### cray-hbtd-bitnami-etcd-1 Alarms Set: ###
### cray-hbtd-bitnami-etcd-2 Alarms Set: ###
### cray-hbtd-bitnami-etcd-0 Alarms Set: ###
### cray-hmnfd-bitnami-etcd-1 Alarms Set: ###
### cray-hmnfd-bitnami-etcd-2 Alarms Set: ###
### cray-hmnfd-bitnami-etcd-0 Alarms Set: ###
### cray-power-control-bitnami-etcd-2 Alarms Set: ###
### cray-power-control-bitnami-etcd-0 Alarms Set: ###
### cray-power-control-bitnami-etcd-1 Alarms Set: ###
 --- PASSED --- 

**************************************************************************

=== Check the health of Etcd Cluster's database in the Services Namespace. ===
=== PASS or FAIL status returned. ===
### cray-bss-bitnami-etcd-1 Etcd Database Check: ###
PASS: OK foo fooCheck 1
### cray-bss-bitnami-etcd-2 Etcd Database Check: ###
PASS: OK foo fooCheck 1
### cray-bss-bitnami-etcd-0 Etcd Database Check: ###
PASS: OK foo fooCheck 1
### cray-fas-bitnami-etcd-1 Etcd Database Check: ###
PASS: OK foo fooCheck 1
### cray-fas-bitnami-etcd-2 Etcd Database Check: ###
PASS: OK foo fooCheck 1
### cray-fas-bitnami-etcd-0 Etcd Database Check: ###
PASS: OK foo fooCheck 1
### cray-hbtd-bitnami-etcd-1 Etcd Database Check: ###
PASS: OK foo fooCheck 1
### cray-hbtd-bitnami-etcd-2 Etcd Database Check: ###
PASS: OK foo fooCheck 1
### cray-hbtd-bitnami-etcd-0 Etcd Database Check: ###
PASS: OK foo fooCheck 1
### cray-hmnfd-bitnami-etcd-1 Etcd Database Check: ###
PASS: OK foo fooCheck 1
### cray-hmnfd-bitnami-etcd-2 Etcd Database Check: ###
PASS: OK foo fooCheck 1
### cray-hmnfd-bitnami-etcd-0 Etcd Database Check: ###
PASS: OK foo fooCheck 1
### cray-power-control-bitnami-etcd-2 Etcd Database Check: ###
PASS: OK foo fooCheck 1
### cray-power-control-bitnami-etcd-0 Etcd Database Check: ###
PASS: OK foo fooCheck 1
### cray-power-control-bitnami-etcd-1 Etcd Database Check: ###
PASS: OK foo fooCheck 1
 --- PASSED --- 

**************************************************************************

=== Verify etcd clusters have a backup in the last 24 hours. ===
=== The complete list of backups can be listed as follows:
=== % /opt/cray/platform-utils/etcd/etcd-util.sh list_backups -
Wed Nov 13 13:18:14 UTC 2024

-- cray-bss -- backups
PASS: backup found less than 24 hours old.

-- cray-fas -- backups
PASS: backup found less than 24 hours old.

-- cray-hbtd -- backups
PASS: backup found less than 24 hours old.

-- cray-hmnfd -- backups
PASS: backup found less than 24 hours old.

-- cray-power-control -- backups
PASS: backup found less than 24 hours old.
 --- PASSED --- 

**************************************************************************

=== NCN node uptimes ===
=== NCN Master nodes: ncn-m001 ncn-m002 ncn-m003 ===
=== NCN Worker nodes: ncn-w001 ncn-w002 ncn-w003 ncn-w004 ncn-w005 ===
=== NCN Storage nodes: ncn-s001 ncn-s002 ncn-s003 ===
=== date; for n in ncn-m001 ncn-m002 ncn-m003 ncn-w001 ncn-w002 ncn-w003 ncn-w004 ncn-w005 ncn-s001 ncn-s002 ncn-s003; do echo$n:; ssh $n uptime; done ===
Wed Nov 13 13:18:27 UTC 2024
ncn-m001:
 13:18:27  up 19 days  0:44,  10 users,  load average: 6.35, 2.67, 2.00
ncn-m002:
 13:18:28  up 6 days  7:24,  10 users,  load average: 0.83, 0.82, 0.73
ncn-m003:
 13:18:28  up 6 days 19:03,  3 users,  load average: 1.38, 1.16, 0.99
ncn-w001:
 13:18:31  up 8 days  6:22,  0 users,  load average: 8.66, 7.17, 6.79
ncn-w002:
 13:18:32  up 7 days  6:52,  1 user,  load average: 5.57, 4.73, 5.44
ncn-w003:
 13:18:34  up 6 days  2:57,  0 users,  load average: 7.68, 6.72, 5.72
ncn-w004:
 13:18:37  up 1 day 23:44,  0 users,  load average: 4.18, 4.23, 5.90
ncn-w005:
 13:18:39  up   1:29,  0 users,  load average: 5.88, 5.23, 4.16
ncn-s001:
 13:18:39  up 10 days 21:34,  0 users,  load average: 0.32, 0.62, 0.70
ncn-s002:
 13:18:39  up 10 days 17:04,  1 user,  load average: 1.00, 0.67, 0.66
ncn-s003:
 13:18:39  up 10 days 16:32,  0 users,  load average: 0.45, 0.90, 0.82
 --- This is an informative check. No pass or fail status to report. --- 

**************************************************************************

=== NCN master and worker node resource consumption ===
=== NCN Master nodes: ncn-m001 ncn-m002 ncn-m003 ===
=== NCN Worker nodes: ncn-w001 ncn-w002 ncn-w003 ncn-w004 ncn-w005 ===
=== date; kubectl top nodes ===
Wed Nov 13 13:18:39 UTC 2024
NAME       CPU(cores)   CPU%   MEMORY(bytes)   MEMORY%   
ncn-m001   3889m        12%    9750Mi          7%        
ncn-m002   689m         2%     4627Mi          3%        
ncn-m003   1051m        3%     5640Mi          4%        
ncn-w001   5358m        8%     29114Mi         11%       
ncn-w002   4728m        7%     24631Mi         9%        
ncn-w003   6299m        9%     22947Mi         8%        
ncn-w004   5230m        4%     29450Mi         11%       
ncn-w005   4310m        6%     9209Mi          3%        
 --- PASSED --- 

**************************************************************************

=== NCN node xnames and metal.no-wipe status ===
=== metal.no-wipe=1, expected setting - the client ===
=== already has the right partitions and a bootable ROM. ===
=== Note that before the PIT node has been rebooted into ncn-m001, ===
=== metal.no-wipe status may not available. ===
=== NCN Master nodes: ncn-m001 ncn-m002 ncn-m003 ===
=== NCN Worker nodes: ncn-w001 ncn-w002 ncn-w003 ncn-w004 ncn-w005 ===
=== NCN Storage nodes: ncn-s001 ncn-s002 ncn-s003 ===
Wed Nov 13 13:18:41 UTC 2024
ncn-m001: x3000c0s1b0n0 - metal.no-wipe=1
ncn-m002: x3000c0s2b0n0 - metal.no-wipe=1
ncn-m003: x3000c0s3b0n0 - metal.no-wipe=1
ncn-w001: x3000c0s4b0n0 - metal.no-wipe=1
ncn-w002: x3000c0s5b0n0 - metal.no-wipe=1
ncn-w003: x3000c0s6b0n0 - metal.no-wipe=1
ncn-w004: x3000c0s30b0n0 - metal.no-wipe=1
ncn-w005: x3000c0s31b0n0 - metal.no-wipe=1
ncn-s001: x3000c0s7b0n0 - metal.no-wipe=1
ncn-s002: x3000c0s8b0n0 - metal.no-wipe=1
ncn-s003: x3000c0s9b0n0 - metal.no-wipe=1
 --- PASSED ---

**************************************************************************

=== Worker ncn node pod counts ===
=== NCN Worker nodes: ncn-w001 ncn-w002 ncn-w003 ncn-w004 ncn-w005  ===
=== date; kubectl get pods -A -o wide | grep -v Completed | grep ncn-XXX | wc -l ===
Wed Nov 13 13:18:54 UTC 2024
ncn-w001: 90
ncn-w002: 76
ncn-w003: 90
ncn-w004: 72
ncn-w005: 38
 --- This is an informative check. No pass or fail status to report. --- 

**************************************************************************

=== Pods yet to reach the running state: ===
=== kubectl get pods -A -o wide | grep -Ev " (Completed|Running|(cray-dns-unbound-manager|hms-discovery)-.* (Pending|Init:0/[1-9]|PodInitializing|NotReady|Terminating)) " ===
Wed Nov 13 13:18:57 UTC 2024
NAMESPACE            NAME                                                              READY   STATUS      RESTARTS        AGE     IP            NODE       NOMINATED NODE   READINESS GATES
services             cray-dhcp-kea-helper-28858398-h5xt8                               1/2     NotReady    0               57s     10.46.0.23    ncn-w005   <none>           <none>
services             sshot-fm-recover-28858398-4gvts                                   1/2     NotReady    0               57s     10.46.0.18    ncn-w005   <none>           <none>
 --- WARNING --- not all pods are in a 'Running' or 'Completed' state.

**************************************************************************

NCN Health Check complete. Summary of failures and warnings is printed below.

 --- Failures and Warnings--- 
WARNING: not all pods are in a 'Running' or 'Completed' state.

Two informative tests were run which checked 'NCN uptimes' and 'worker NCN node pod counts'. These results can be manually checked.

